
Showing logs for build [32mcb-kubecd-environment-pr-120-63-fqtwp-1[0m stage [32mfrom-build-pack[0m and container [32mstep-credential-initializer-vhvzb[0m
{"level":"warn","ts":1577580294.6159623,"logger":"fallback-logger","caller":"logging/config.go:69","msg":"Fetch GitHub commit ID from kodata failed: \"ref: refs/heads/master\" is not a valid GitHub commit ID"}
{"level":"info","ts":1577580294.61645,"logger":"fallback-logger","caller":"creds-init/main.go:40","msg":"Credentials initialized."}

Showing logs for build [32mcb-kubecd-environment-pr-120-63-fqtwp-1[0m stage [32mfrom-build-pack[0m and container [32mstep-working-dir-initializer-nqz6j[0m
{"level":"warn","ts":1577580295.539337,"logger":"fallback-logger","caller":"logging/config.go:69","msg":"Fetch GitHub commit ID from kodata failed: open /var/run/ko/HEAD: no such file or directory"}
{"level":"info","ts":1577580295.5414867,"logger":"fallback-logger","caller":"bash/main.go:65","msg":"Successfully executed command \"mkdir -p /workspace/source\""}

Showing logs for build [32mcb-kubecd-environment-pr-120-63-fqtwp-1[0m stage [32mfrom-build-pack[0m and container [32mstep-place-tools[0m

Showing logs for build [32mcb-kubecd-environment-pr-120-63-fqtwp-1[0m stage [32mfrom-build-pack[0m and container [32mstep-git-source-cb-kubecd-environment-pr-120-63-2rzgm[0m
{"level":"warn","ts":1577580299.6863544,"logger":"fallback-logger","caller":"logging/config.go:69","msg":"Fetch GitHub commit ID from kodata failed: \"ref: refs/heads/master\" is not a valid GitHub commit ID"}
{"level":"info","ts":1577580300.8449764,"logger":"fallback-logger","caller":"git/git.go:102","msg":"Successfully cloned https://github.com/cb-kubecd/environment-pr-120-63-gke-upgrade-staging.git @ master in path /workspace/source"}

Showing logs for build [32mcb-kubecd-environment-pr-120-63-fqtwp-1[0m stage [32mfrom-build-pack[0m and container [32mstep-git-merge[0m
Using SHAs from PULL_REFS=master:2b45827bcf71d5e04aaa1434cb563cfdb0774816,1:45f743804c919fa82b98d3a6381d777e791d79ec
DEBUG: ran git fetch --unshallow origin 45f743804c919fa82b98d3a6381d777e791d79ec: 2b45827bcf71d5e04aaa1434cb563cfdb0774816: in 
DEBUG: ran git checkout master in 
DEBUG: ran git reset --hard 2b45827bcf71d5e04aaa1434cb563cfdb0774816 in 
DEBUG: ran clean --force -d . in 
DEBUG: ran git merge 45f743804c919fa82b98d3a6381d777e791d79ec in 
Merged SHA 45f743804c919fa82b98d3a6381d777e791d79ec with commit message 'chore: Promote bdd-spring-1577580009 to version 0.0.1' into base branch master

Showing logs for build [32mcb-kubecd-environment-pr-120-63-fqtwp-1[0m stage [32mfrom-build-pack[0m and container [32mstep-build-helm-build[0m
WARNING: No $CHART_REPOSITORY defined so using the default value of: http://jenkins-x-chartmuseum:8080
Adding missing Helm repo: storage.googleapis.com https://storage.googleapis.com/chartmuseum.jenkins-x.io
WARNING: No secrets found on "helm/repos" due: reading the secret "helm/repos" from vault: no secret "helm/repos" not found in vault
Read credentials for https://storage.googleapis.com/chartmuseum.jenkins-x.io from vault helm/repos
Successfully added Helm repository storage.googleapis.com.
Adding missing Helm repo: jenkins-x-chartmuseum http://jenkins-x-chartmuseum:8080
WARNING: No secrets found on "helm/repos" due: reading the secret "helm/repos" from vault: no secret "helm/repos" not found in vault
Read credentials for http://jenkins-x-chartmuseum:8080 from vault helm/repos
Successfully added Helm repository jenkins-x-chartmuseum.
WARNING: No $CHART_REPOSITORY defined so using the default value of: http://jenkins-x-chartmuseum:8080
Adding missing Helm repo: chartmuseum.jenkins-x.io http://chartmuseum.jenkins-x.io
WARNING: No secrets found on "helm/repos" due: reading the secret "helm/repos" from vault: no secret "helm/repos" not found in vault
Read credentials for http://chartmuseum.jenkins-x.io from vault helm/repos
Successfully added Helm repository chartmuseum.jenkins-x.io.
